<?xml version="1.0" encoding="UTF-8"?>
<testng-results skipped="0" failed="0" total="1" passed="1">
  <reporter-output>
  </reporter-output>
  <suite name="Default suite" duration-ms="14407" started-at="2019-11-24T15:29:34Z" finished-at="2019-11-24T15:29:48Z">
    <groups>
    </groups>
    <test name="Default test" duration-ms="14407" started-at="2019-11-24T15:29:34Z" finished-at="2019-11-24T15:29:48Z">
      <class name="com.qa.hubspot.test.LoginPageNPFTest">
        <test-method status="PASS" signature="setUp()[pri:0, instance:com.qa.hubspot.test.LoginPageNPFTest@16c0663d]" name="setUp" is-config="true" duration-ms="12693" started-at="2019-11-24T20:59:34Z" finished-at="2019-11-24T20:59:47Z">
          <reporter-output>
          </reporter-output>
        </test-method> <!-- setUp -->
        <test-method status="PASS" signature="verifySignUpLinkTest()[pri:0, instance:com.qa.hubspot.test.LoginPageNPFTest@16c0663d]" name="verifySignUpLinkTest" duration-ms="817" started-at="2019-11-24T20:59:47Z" finished-at="2019-11-24T20:59:47Z">
          <reporter-output>
          </reporter-output>
        </test-method> <!-- verifySignUpLinkTest -->
        <test-method status="PASS" signature="tearDown()[pri:0, instance:com.qa.hubspot.test.LoginPageNPFTest@16c0663d]" name="tearDown" is-config="true" duration-ms="862" started-at="2019-11-24T20:59:47Z" finished-at="2019-11-24T20:59:48Z">
          <reporter-output>
          </reporter-output>
        </test-method> <!-- tearDown -->
      </class> <!-- com.qa.hubspot.test.LoginPageNPFTest -->
    </test> <!-- Default test -->
  </suite> <!-- Default suite -->
</testng-results>
